<?xml version="1.0" encoding="UTF-8"?>
<!-- Generated by org.testng.reporters.JUnitReportReporter -->
<testsuite hostname="DESKTOP-5VI0HAR" failures="0" tests="1" name="restassuredvalidation.DiffWaysToCreatePostRequests" time="2.948" errors="0" timestamp="2024-01-21T16:41:25 CST" skipped="0">
  <testcase classname="restassuredvalidation.DiffWaysToCreatePostRequests" name="postTestUsingPojo" time="2.948"/>
</testsuite> <!-- restassuredvalidation.DiffWaysToCreatePostRequests -->
