<?xml version="1.0" encoding="UTF-8"?>
<!-- Generated by org.testng.reporters.JUnitReportReporter -->
<testsuite hostname="DESKTOP-5VI0HAR" failures="0" tests="1" name="restassuredpathandquery.PathandQueryParameters" time="4.356" errors="0" timestamp="2024-01-22T13:59:17 CST" skipped="0">
  <testcase classname="restassuredpathandquery.PathandQueryParameters" name="testPathAndQuery" time="4.356"/>
</testsuite> <!-- restassuredpathandquery.PathandQueryParameters -->
