<?xml version="1.0" encoding="UTF-8"?>
<!-- Generated by org.testng.reporters.JUnitReportReporter -->
<testsuite hostname="DESKTOP-5VI0HAR" failures="0" tests="1" name="restassuredvalidation.AmazonApi" time="3.674" errors="0" timestamp="2024-01-21T23:57:04 CST" skipped="0">
  <testcase classname="restassuredvalidation.AmazonApi" name="searchTest" time="3.674"/>
</testsuite> <!-- restassuredvalidation.AmazonApi -->
