<?xml version="1.0" encoding="UTF-8"?>
<!-- Generated by org.testng.reporters.JUnitReportReporter -->
<testsuite hostname="DESKTOP-5VI0HAR" failures="0" tests="3" name="restassuredvalidation.HttpRequests" time="4.052" errors="0" timestamp="2024-01-20T15:04:16 CST" skipped="0">
  <testcase classname="restassuredvalidation.HttpRequests" name="createUser" time="3.128"/>
  <testcase classname="restassuredvalidation.HttpRequests" name="updateUser" time="0.562"/>
  <testcase classname="restassuredvalidation.HttpRequests" name="deleteUser" time="0.362"/>
</testsuite> <!-- restassuredvalidation.HttpRequests -->
