<?xml version="1.0" encoding="UTF-8"?>
<!-- Generated by org.testng.reporters.JUnitReportReporter -->
<testsuite hostname="DESKTOP-5VI0HAR" failures="0" tests="1" name="restassuredpathandquery.CookiesDemo" time="3.307" errors="0" timestamp="2024-01-22T14:33:09 CST" skipped="0">
  <testcase classname="restassuredpathandquery.CookiesDemo" name="getCookiesInfo" time="3.307"/>
</testsuite> <!-- restassuredpathandquery.CookiesDemo -->
